            --------------------------------------------------------
                             AMBER SQM VERSION 19
 
                                     By
              Ross C. Walker, Michael F. Crowley, Scott Brozell,
                         Tim Giese, Andreas W. Goetz,
                        Tai-Sung Lee and David A. Case
 
            --------------------------------------------------------
 

--------------------------------------------------------------------------------
  QM CALCULATION INFO
--------------------------------------------------------------------------------

| QMMM: Citation for AMBER QMMM Run:
| QMMM: R.C. Walker, M.F. Crowley and D.A. Case, J. COMP. CHEM. 29:1019, 2008

QMMM: SINGLET STATE CALCULATION
QMMM: RHF CALCULATION, NO. OF DOUBLY OCCUPIED LEVELS = 77

| QMMM: *** Selected Hamiltonian *** 
| QMMM: AM1         

| QMMM: *** Parameter sets in use ***
| QMMM: C : M.J.S.DEWAR et al. JACS, 107, 3902, (1985)
| QMMM: N : M.J.S.DEWAR et al. JACS, 107, 3902, (1985)
| QMMM: O : M.J.S.DEWAR et al. JACS, 107, 3902, (1985)
| QMMM: H : M.J.S.DEWAR et al. JACS, 107, 3902, (1985)

| QMMM: *** SCF convergence criteria ***
| QMMM: Energy change                :  0.1D-09 kcal/mol
| QMMM: Error matrix |FP-PF|         :  0.1D+00 au
| QMMM: Density matrix change        :  0.5D-06
| QMMM: Maximum number of SCF cycles :     1000

| QMMM: *** Diagonalization Routine Information ***
| QMMM: Pseudo diagonalizations are allowed.
| QMMM: Auto diagonalization routine selection is in use.
| QMMM:
| QMMM: Timing diagonalization routines:
| QMMM:                              norbs =      146
| QMMM:    diag iterations used for timing =       10
| QMMM:
| QMMM:              Internal diag routine = 0.064264 seconds
| QMMM:                 Dspev diag routine = 0.042941 seconds
| QMMM:                Dspevd diag routine = 0.017348 seconds
| QMMM:                Dspevx diag routine = 0.124148 seconds
| QMMM:                 Dsyev diag routine = 0.047972 seconds
| QMMM:                Dsyevd diag routine = 0.018492 seconds
| QMMM:                Dsyevr diag routine = 0.025696 seconds
| QMMM:
| QMMM:                Pseudo diag routine = 0.024553 seconds
| QMMM: Pseudo diagonalization appears to be slower than regular
| QMMM: diagonalization. Setting pseudo_diag=0 for optimum performance.
| QMMM:
| QMMM: Using dspevd routine (diag_routine=3).

  QMMM: QM Region Cartesian Coordinates (*=link atom) 
  QMMM: QM_NO.   MM_NO.  ATOM         X         Y         Z
  QMMM:     1        1      C       13.1520   14.4950   26.2760
  QMMM:     2        2      N       12.9260   14.6720   27.6520
  QMMM:     3        3      C       11.6030   14.7360   28.1440
  QMMM:     4        4      N        9.1350   14.6340   27.3730
  QMMM:     5        5      C       12.1050   14.3630   25.3320
  QMMM:     6        6      N        9.5920   14.3510   25.2370
  QMMM:     7        7      C        8.5930   14.4740   26.1330
  QMMM:     8        8      N        3.3040   11.8800   24.7550
  QMMM:     9        9      C       10.7850   14.4320   25.8350
  QMMM:    10       10      N       -1.4040   10.6120   26.1590
  QMMM:    11       11      C       10.5070   14.6120   27.2580
  QMMM:    12       12      N       -2.5420   11.6300   24.4050
  QMMM:    13       13      C        7.2490   14.4620   25.8820
  QMMM:    14       14      C        4.3600   14.7540   25.4810
  QMMM:    15       15      C        5.0760   15.7290   26.2640
  QMMM:    16       16      C        6.5000   15.5720   26.4450
  QMMM:    17       17      C        2.2150   11.7190   23.9890
  QMMM:    18       18      C        1.0530   11.2340   24.9200
  QMMM:    19       19      O        2.1780   11.9140   22.7590
  QMMM:    20       20      C        1.0640   10.5310   26.1700
  QMMM:    21       21      C       -0.1930   10.2330   26.7690
  QMMM:    22       22      C        4.5600   12.6250   24.1380
  QMMM:    23       23      C        5.0830   13.6370   24.9110
  QMMM:    24       24      C        6.5020   13.4500   25.0750
  QMMM:    25       25      C        5.6080   11.6790   23.7630
  QMMM:    26       26      C        6.8400   12.2450   24.3800
  QMMM:    27       27      C        8.0900   11.5090   24.1700
  QMMM:    28       28      C        8.1340   10.2650   23.3910
  QMMM:    29       29      C        6.9060    9.7460   22.8080
  QMMM:    30       30      C        5.6620   10.4630   23.0010
  QMMM:    31       31      C       -0.1780   11.6410   24.2640
  QMMM:    32       32      C       -1.3830   11.2970   24.9400
  QMMM:    33       33      H       14.1810   14.4580   25.9190
  QMMM:    34       34      H       11.4260   14.8810   29.2100
  QMMM:    35       35      H        8.6170   14.7490   28.2320
  QMMM:    36       36      H       12.3060   14.2160   24.2710
  QMMM:    37       37      H        3.3240   11.5340   25.7040
  QMMM:    38       38      H       -2.5680   12.1250   23.5250
  QMMM:    39       39      H       -3.4030   11.3900   24.8760
  QMMM:    40       40      H        3.2870   14.8560   25.3200
  QMMM:    41       41      H        4.5510   16.5720   26.7130
  QMMM:    42       42      H        7.0360   16.3190   27.0300
  QMMM:    43       43      H        2.0000   10.2360   26.6440
  QMMM:    44       44      H       -0.2180    9.7000   27.7200
  QMMM:    45       45      H        4.1680   13.1160   23.2470
  QMMM:    46       46      H        9.0120   11.8960   24.6040
  QMMM:    47       47      H        9.0770    9.7360   23.2510
  QMMM:    48       48      H        6.9220    8.8230   22.2290
  QMMM:    49       49      H        4.7470   10.0710   22.5580
  QMMM:    50       50      H       -0.1790   12.1760   23.3140

--------------------------------------------------------------------------------
  RESULTS
--------------------------------------------------------------------------------

      iter         sqm energy              rms gradient
      ----    -------------------    -----------------------
xmin    10      152.7962 kcal/mol        0.8522 kcal/(mol*A)
xmin    20      151.9217 kcal/mol        0.1660 kcal/(mol*A)
xmin    30      151.7441 kcal/mol        0.4047 kcal/(mol*A)
xmin    40      151.6191 kcal/mol        0.2064 kcal/(mol*A)
xmin    50      151.5903 kcal/mol        0.0496 kcal/(mol*A)
xmin    60      151.5840 kcal/mol        0.0145 kcal/(mol*A)
xmin    70      151.5827 kcal/mol        0.0113 kcal/(mol*A)
xmin    80      151.5824 kcal/mol        0.0049 kcal/(mol*A)
xmin    90      151.5823 kcal/mol        0.0021 kcal/(mol*A)
xmin   100      151.5823 kcal/mol        0.0007 kcal/(mol*A)
  ... geometry converged !
 
 Final MO eigenvalues (eV):
 -42.1636  -41.5576  -40.7747  -39.2965  -39.0281  -38.2884  -36.2787  -35.7386
 -34.1903  -33.9286  -33.6253  -32.9811  -31.8742  -31.1862  -30.0881  -30.0040
 -29.5041  -27.7705  -25.7406  -25.2395  -24.0708  -23.9460  -23.6496  -22.8782
 -22.4621  -22.3131  -21.6588  -21.1113  -19.4104  -18.9868  -18.4551  -18.2639
 -18.0206  -17.4286  -17.4133  -17.3619  -17.1259  -16.6731  -16.5672  -15.9990
 -15.9017  -15.7642  -15.5898  -15.5658  -15.3604  -15.1125  -15.0398  -14.9423
 -14.8260  -14.7520  -14.5564  -14.3821  -14.2237  -13.5442  -13.4312  -13.3714
 -13.2520  -13.0047  -12.8401  -12.6358  -12.4226  -12.1617  -12.0993  -11.7873
 -11.6890  -11.5591  -11.0208  -10.9183  -10.8332  -10.7955  -10.4809  -10.1240
  -9.8755   -9.6227   -9.2698   -9.1843   -9.1536   -0.7582   -0.3892   -0.3171
  -0.1276   -0.0778    0.1536    0.2455    0.6793    1.2867    1.3865    1.4685
   1.7126    2.2519    2.3130    2.4763    2.6847    2.7792    2.8562    2.9742
   3.1383    3.2008    3.3109    3.3554    3.4096    3.5048    3.5757    3.5886
   3.6822    3.6871    3.7190    3.7749    3.8275    3.9136    3.9623    4.0110
   4.0449    4.0775    4.1301    4.3160    4.3508    4.3638    4.3854    4.4616
   4.5079    4.6499    4.6738    4.7505    4.7781    4.8946    4.9384    4.9700
   5.0830    5.1135    5.1703    5.1835    5.2332    5.3179    5.4169    5.5211
   5.5426    5.5574    5.7222    5.8320    5.9270    5.9559    6.3117    6.5961
   6.7224    6.8512

 Heat of formation   =        151.58226722 kcal/mol  (        6.57310035 eV)

 Total SCF energy    =    -115475.94322213 kcal/mol  (    -5007.41265436 eV)
 Electronic energy   =    -925584.36922794 kcal/mol  (   -40136.35008143 eV)
 Core-core repulsion =     810108.42600581 kcal/mol  (    35128.93742708 eV)
 
    Atomic Charges for Step       1 :
  Atom    Element       Mulliken Charge
     1      C                 -0.103
     2      N                 -0.127
     3      C                 -0.060
     4      N                 -0.223
     5      C                 -0.114
     6      N                 -0.121
     7      C                  0.067
     8      N                 -0.367
     9      C                 -0.051
    10      N                 -0.186
    11      C                 -0.094
    12      N                 -0.326
    13      C                 -0.025
    14      C                 -0.084
    15      C                 -0.135
    16      C                 -0.091
    17      C                  0.344
    18      C                 -0.045
    19      O                 -0.357
    20      C                 -0.215
    21      C                 -0.030
    22      C                  0.102
    23      C                 -0.111
    24      C                  0.003
    25      C                 -0.100
    26      C                 -0.048
    27      C                 -0.098
    28      C                 -0.127
    29      C                 -0.123
    30      C                 -0.105
    31      C                 -0.191
    32      C                  0.111
    33      H                  0.161
    34      H                  0.161
    35      H                  0.264
    36      H                  0.159
    37      H                  0.235
    38      H                  0.203
    39      H                  0.212
    40      H                  0.148
    41      H                  0.142
    42      H                  0.148
    43      H                  0.147
    44      H                  0.163
    45      H                  0.161
    46      H                  0.147
    47      H                  0.138
    48      H                  0.136
    49      H                  0.144
    50      H                  0.163
 Total Mulliken Charge =      -0.000
 
                  X        Y        Z     TOTAL  
  QM DIPOLE    -3.219   -1.640    1.904    4.084
 
 Final Structure

  QMMM: QM Region Cartesian Coordinates (*=link atom) 
  QMMM: QM_NO.   MM_NO.  ATOM         X         Y         Z
  QMMM:     1        1      C       12.9914   14.5796   26.7167
  QMMM:     2        2      N       12.6249   13.8578   27.8079
  QMMM:     3        3      C       11.3324   13.5841   28.0016
  QMMM:     4        4      N        8.9654   13.9179   27.0181
  QMMM:     5        5      C       12.1169   15.0787   25.7467
  QMMM:     6        6      N        9.6125   15.1404   25.1702
  QMMM:     7        7      C        8.5700   14.5966   25.8389
  QMMM:     8        8      N        3.3482   12.0331   24.5862
  QMMM:     9        9      C       10.7522   14.8063   25.9235
  QMMM:    10       10      N       -1.1370   10.2365   26.2540
  QMMM:    11       11      C       10.3512   14.0329   27.0909
  QMMM:    12       12      N       -2.5937   11.9127   25.3614
  QMMM:    13       13      C        7.1528   14.7041   25.4700
  QMMM:    14       14      C        4.4117   15.0213   24.8544
  QMMM:    15       15      C        5.1412   16.0719   25.4319
  QMMM:    16       16      C        6.4881   15.9174   25.7344
  QMMM:    17       17      C        2.1204   11.9041   23.9678
  QMMM:    18       18      C        1.0127   11.3188   24.7829
  QMMM:    19       19      O        1.9402   12.2722   22.7899
  QMMM:    20       20      C        1.2188   10.2397   25.6478
  QMMM:    21       21      C        0.1059    9.7456   26.3498
  QMMM:    22       22      C        4.4987   12.5796   23.9217
  QMMM:    23       23      C        5.0625   13.8349   24.5829
  QMMM:    24       24      C        6.4483   13.6628   24.8778
  QMMM:    25       25      C        5.7110   11.6546   23.9103
  QMMM:    26       26      C        6.8502   12.3235   24.4458
  QMMM:    27       27      C        8.0825   11.6892   24.4594
  QMMM:    28       28      C        8.1739   10.3798   23.9661
  QMMM:    29       29      C        7.0549    9.7253   23.4614
  QMMM:    30       30      C        5.8065   10.3653   23.4249
  QMMM:    31       31      C       -0.2624   11.8616   24.6463
  QMMM:    32       32      C       -1.3349   11.3064   25.4131
  QMMM:    33       33      H       14.0782   14.7617   26.6320
  QMMM:    34       34      H       11.0719   12.9974   28.8982
  QMMM:    35       35      H        8.3769   13.4389   27.6452
  QMMM:    36       36      H       12.4781   15.6569   24.8868
  QMMM:    37       37      H        3.4532   11.7531   25.5318
  QMMM:    38       38      H       -2.7976   12.3629   24.4984
  QMMM:    39       39      H       -3.3514   11.3993   25.7533
  QMMM:    40       40      H        3.3450   15.1490   24.6178
  QMMM:    41       41      H        4.6392   17.0280   25.6432
  QMMM:    42       42      H        7.0531   16.7513   26.1798
  QMMM:    43       43      H        2.2014    9.7681   25.7693
  QMMM:    44       44      H        0.2143    8.8861   27.0381
  QMMM:    45       45      H        4.2157   12.8262   22.8512
  QMMM:    46       46      H        8.9814   12.2010   24.8329
  QMMM:    47       47      H        9.1493    9.8702   23.9753
  QMMM:    48       48      H        7.1459    8.6980   23.0779
  QMMM:    49       49      H        4.9291    9.8499   23.0084
  QMMM:    50       50      H       -0.4330   12.6973   23.9520

           --------- Calculation Completed ----------

