
 NSTEP =     2100   TIME(PS) =      94.200  TEMP(K) =   298.84  PRESS =  -206.3
 Etot   =    -88953.2493  EKtot   =     22614.8067  EPtot      =   -111568.0561
 BOND   =       743.2860  ANGLE   =      2004.2839  DIHED      =      3268.2334
 1-4 NB =       931.3429  1-4 EEL =     11155.6237  VDWAALS    =     12855.5705
 EELEC  =   -142795.1948  EHBOND  =         0.0000  RESTRAINT  =       268.7983
 EAMBER (non-restraint)  =   -111836.8544
 EKCMT  =      9758.0792  VIRIAL  =     11410.1875  VOLUME     =    370827.2064
                                                    Density    =         1.0166
 Ewald error estimate:   0.4348E-05
 ------------------------------------------------------------------------------
| Current Timing Info
| -------------------
| Total steps:     10000 | Completed:      2100 ( 21.0%) | Remaining:      7900
|
| Average timings for last     100 steps:
|     Elapsed(s) =     388.28 Per Step(ms) =    3882.82
|         ns/day =       0.04   seconds/ns = 1941411.02
|
| Average timings for all steps:
|     Elapsed(s) =    2375.22 Per Step(ms) =    1131.06
|         ns/day =       0.15   seconds/ns =  565528.78
|
| Estimated time remaining:       2.5 hours.
 ------------------------------------------------------------------------------
