            --------------------------------------------------------
                             AMBER SQM VERSION 19
 
                                     By
              Ross C. Walker, Michael F. Crowley, Scott Brozell,
                         Tim Giese, Andreas W. Goetz,
                        Tai-Sung Lee and David A. Case
 
            --------------------------------------------------------
 

--------------------------------------------------------------------------------
  QM CALCULATION INFO
--------------------------------------------------------------------------------

| QMMM: Citation for AMBER QMMM Run:
| QMMM: R.C. Walker, M.F. Crowley and D.A. Case, J. COMP. CHEM. 29:1019, 2008

QMMM: SINGLET STATE CALCULATION
QMMM: RHF CALCULATION, NO. OF DOUBLY OCCUPIED LEVELS = 56

| QMMM: *** Selected Hamiltonian *** 
| QMMM: AM1         

| QMMM: *** Parameter sets in use ***
| QMMM: H : M.J.S.DEWAR et al. JACS, 107, 3902, (1985)
| QMMM: C : M.J.S.DEWAR et al. JACS, 107, 3902, (1985)
| QMMM: O : M.J.S.DEWAR et al. JACS, 107, 3902, (1985)
| QMMM: Br: M.J.S.DEWAR et al. THEOCHEM, 180, 1, (1988)

| QMMM: *** SCF convergence criteria ***
| QMMM: Energy change                :  0.1D-09 kcal/mol
| QMMM: Error matrix |FP-PF|         :  0.1D+00 au
| QMMM: Density matrix change        :  0.5D-06
| QMMM: Maximum number of SCF cycles :     1000

| QMMM: *** Diagonalization Routine Information ***
| QMMM: Pseudo diagonalizations are allowed.
| QMMM: Auto diagonalization routine selection is in use.
| QMMM:
| QMMM: Timing diagonalization routines:
| QMMM:                              norbs =      105
| QMMM:    diag iterations used for timing =       10
| QMMM:
| QMMM:              Internal diag routine = 0.022008 seconds
| QMMM:                 Dspev diag routine = 0.018452 seconds
| QMMM:                Dspevd diag routine = 0.007204 seconds
| QMMM:                Dspevx diag routine = 0.059157 seconds
| QMMM:                 Dsyev diag routine = 0.019183 seconds
| QMMM:                Dsyevd diag routine = 0.011133 seconds
| QMMM:                Dsyevr diag routine = 0.013650 seconds
| QMMM:
| QMMM:                Pseudo diag routine = 0.008667 seconds
| QMMM: Pseudo diagonalization appears to be slower than regular
| QMMM: diagonalization. Setting pseudo_diag=0 for optimum performance.
| QMMM:
| QMMM: Using dspevd routine (diag_routine=3).

  QMMM: QM Region Cartesian Coordinates (*=link atom) 
  QMMM: QM_NO.   MM_NO.  ATOM         X         Y         Z
  QMMM:     1        1      H        5.1710   21.4930   46.0360
  QMMM:     2        2      H        3.2840   17.2850   46.6000
  QMMM:     3        3      H        4.0730   16.6940   44.6940
  QMMM:     4        4      H        6.3240   17.3120   48.5180
  QMMM:     5        5      H        6.6390   16.0160   45.8560
  QMMM:     6        6      H        4.2170   15.1190   45.6650
  QMMM:     7        7      H        7.0550   14.1620   44.8350
  QMMM:     8        8      H        5.3620   14.2030   44.1220
  QMMM:     9        9      H        6.1900   16.8330   44.2870
  QMMM:    10       10      H        4.4980   16.2790   47.5810
  QMMM:    11       11      H        6.3640   14.8200   40.7370
  QMMM:    12       12      H        5.0150   15.2240   41.8250
  QMMM:    13       13      H        7.2780   15.8320   42.7130
  QMMM:    14       14      H        5.5750   13.5410   41.6920
  QMMM:    15       15      H       10.5250   20.4280   45.1580
  QMMM:    16       16      H       11.8580   22.4530   45.7080
  QMMM:    17       17      H       10.9230   24.1740   47.2610
  QMMM:    18       18      H        8.2850   20.0890   46.1830
  QMMM:    19       19      H        8.0260   18.6160   49.4390
  QMMM:    20       20      H        7.6180   14.0320   42.7400
  QMMM:    21       21      H        3.9900   19.3610   45.5100
  QMMM:    22       22      C        4.7620   19.3850   46.2790
  QMMM:    23       23      C        5.4270   20.5790   46.5730
  QMMM:    24       24      C        6.4220   20.5990   47.5580
  QMMM:    25       25      C        6.7380   19.4300   48.2550
  QMMM:    26       26      C        6.0770   18.2240   47.9740
  QMMM:    27       27      C        5.0950   18.2200   46.9800
  QMMM:    28       28      C        4.3090   16.9370   46.7330
  QMMM:    29       29      C        4.5790   16.1300   45.4780
  QMMM:    30       30      C        6.0020   16.0050   44.9710
  QMMM:    31       31      C        6.3220   14.7050   44.2380
  QMMM:    32       32      C        6.8760   14.8250   42.8280
  QMMM:    33       33      C        5.8870   14.5850   41.6890
  QMMM:    34       34      O        7.7330   19.5020   49.2140
  QMMM:    35       35      O        7.0610   21.8120   47.8670
  QMMM:    36       36      C        8.3280   21.9450   47.2730
  QMMM:    37       37      C        9.0820   23.0790   47.5540
  QMMM:    38       38      C       10.3490   23.2810   47.0130
  QMMM:    39       39      C       10.8700   22.3160   46.1460
  QMMM:    40       40      C       10.1220   21.1750   45.8420
  QMMM:    41       41      C        8.8570   20.9880   46.4130
  QMMM:    42       42      Br       8.3250   24.3820   48.7350

--------------------------------------------------------------------------------
  RESULTS
--------------------------------------------------------------------------------

      iter         sqm energy              rms gradient
      ----    -------------------    -----------------------
xmin    10      -45.7680 kcal/mol        1.6247 kcal/(mol*A)
xmin    20      -47.4679 kcal/mol        0.9504 kcal/(mol*A)
xmin    30      -47.8991 kcal/mol        0.2596 kcal/(mol*A)
xmin    40      -47.9982 kcal/mol        0.1003 kcal/(mol*A)
xmin    50      -48.0075 kcal/mol        0.3811 kcal/(mol*A)
xmin    60      -48.0149 kcal/mol        0.0164 kcal/(mol*A)
xmin    70      -48.0169 kcal/mol        0.0259 kcal/(mol*A)
xmin    80      -48.0178 kcal/mol        0.0129 kcal/(mol*A)
xmin    90      -48.0183 kcal/mol        0.0075 kcal/(mol*A)
xmin   100      -48.0184 kcal/mol        0.0064 kcal/(mol*A)
xmin   110      -48.0185 kcal/mol        0.0108 kcal/(mol*A)
xmin   120      -48.0186 kcal/mol        0.0015 kcal/(mol*A)
xmin   130      -48.0186 kcal/mol        0.0018 kcal/(mol*A)
xmin   140      -48.0186 kcal/mol        0.0008 kcal/(mol*A)
  ... geometry converged !
 
 Final MO eigenvalues (eV):
 -41.2420  -39.8360  -38.4450  -37.9672  -37.0332  -34.3327  -33.0873  -31.5728
 -30.8988  -30.6868  -29.7315  -28.6111  -25.6850  -24.0214  -23.9035  -23.0401
 -22.8173  -21.6760  -20.9536  -19.3339  -18.9261  -17.7262  -17.4036  -16.6998
 -16.4456  -15.9409  -15.8007  -15.6420  -15.4474  -15.1748  -14.9816  -14.8833
 -14.5955  -14.3904  -14.3147  -14.1381  -13.7469  -13.5974  -13.1454  -12.8991
 -12.7397  -12.6638  -12.3463  -12.2327  -12.1390  -11.9961  -11.9095  -11.6043
 -11.5534  -11.3435  -11.2457  -10.8474   -9.8661   -9.6323   -9.2097   -9.0640
  -0.0533    0.1682    0.2226    0.4037    1.0124    2.1213    2.4648    2.6632
   2.7458    3.3886    3.4637    3.6532    3.6707    3.7556    3.7762    3.8328
   3.9015    3.9759    4.0293    4.0447    4.1428    4.1648    4.2013    4.2965
   4.3695    4.4672    4.4861    4.4968    4.6174    4.6791    4.6958    4.7671
   4.8014    4.8638    4.9054    5.0140    5.0532    5.0592    5.0975    5.1205
   5.1494    5.2314    5.2400    5.3903    5.4796    5.4845    5.7248    5.9879
   6.4580

 Heat of formation   =        -48.01857570 kcal/mol  (       -2.08224169 eV)

 Total SCF energy    =     -82737.36613269 kcal/mol  (    -3587.76142113 eV)
 Electronic energy   =    -563111.37619082 kcal/mol  (   -24418.34162399 eV)
 Core-core repulsion =     480374.01005812 kcal/mol  (    20830.58020286 eV)
 
    Atomic Charges for Step       1 :
  Atom    Element       Mulliken Charge
     1      H                  0.153
     2      H                  0.093
     3      H                  0.088
     4      H                  0.139
     5      H                  0.075
     6      H                  0.082
     7      H                  0.077
     8      H                  0.081
     9      H                  0.084
    10      H                  0.089
    11      H                  0.072
    12      H                  0.072
    13      H                  0.081
    14      H                  0.072
    15      H                  0.135
    16      H                  0.137
    17      H                  0.146
    18      H                  0.149
    19      H                  0.219
    20      H                  0.076
    21      H                  0.140
    22      C                 -0.160
    23      C                 -0.093
    24      C                 -0.002
    25      C                  0.085
    26      C                 -0.211
    27      C                 -0.023
    28      C                 -0.128
    29      C                 -0.154
    30      C                 -0.157
    31      C                 -0.156
    32      C                 -0.159
    33      C                 -0.211
    34      O                 -0.229
    35      O                 -0.131
    36      C                  0.110
    37      C                 -0.193
    38      C                 -0.081
    39      C                 -0.164
    40      C                 -0.087
    41      C                 -0.188
    42      Br                 0.070
 Total Mulliken Charge =      -0.000
 
                  X        Y        Z     TOTAL  
  QM DIPOLE    -0.309   -3.614   -1.608    3.967
 
 Final Structure

  QMMM: QM Region Cartesian Coordinates (*=link atom) 
  QMMM: QM_NO.   MM_NO.  ATOM         X         Y         Z
  QMMM:     1        1      H        5.5515   21.2015   45.6644
  QMMM:     2        2      H        3.1545   17.1398   46.4935
  QMMM:     3        3      H        4.7888   16.7982   44.5211
  QMMM:     4        4      H        6.0756   17.1710   48.5837
  QMMM:     5        5      H        5.7982   14.5694   46.4182
  QMMM:     6        6      H        3.8411   15.3597   45.0731
  QMMM:     7        7      H        7.2256   13.8673   44.6286
  QMMM:     8        8      H        5.5361   13.8841   43.9974
  QMMM:     9        9      H        6.7523   16.0112   45.8946
  QMMM:    10       10      H        4.2684   16.1290   47.4982
  QMMM:    11       11      H        6.1579   16.2272   41.3004
  QMMM:    12       12      H        4.8274   15.8973   42.4865
  QMMM:    13       13      H        7.0372   16.4752   43.5956
  QMMM:    14       14      H        5.6425   14.5235   41.6361
  QMMM:    15       15      H       10.8181   20.4303   45.0739
  QMMM:    16       16      H       11.7953   22.7088   45.3917
  QMMM:    17       17      H       10.6105   24.3926   46.7729
  QMMM:    18       18      H        8.6454   19.8463   46.1521
  QMMM:    19       19      H        7.5807   18.4547   49.7183
  QMMM:    20       20      H        7.7891   15.0525   42.7842
  QMMM:    21       21      H        4.1977   19.1438   45.2225
  QMMM:    22       22      C        4.9137   19.1625   46.0575
  QMMM:    23       23      C        5.6665   20.3079   46.2963
  QMMM:    24       24      C        6.5734   20.3355   47.3616
  QMMM:    25       25      C        6.7263   19.2009   48.1848
  QMMM:    26       26      C        5.9599   18.0525   47.9363
  QMMM:    27       27      C        5.0542   18.0318   46.8736
  QMMM:    28       28      C        4.2258   16.8209   46.6149
  QMMM:    29       29      C        4.6569   16.0722   45.3670
  QMMM:    30       30      C        5.9420   15.3016   45.5790
  QMMM:    31       31      C        6.3762   14.5436   44.3418
  QMMM:    32       32      C        6.8253   15.4442   43.2061
  QMMM:    33       33      C        5.8071   15.5275   42.0971
  QMMM:    34       34      O        7.6405   19.2751   49.2055
  QMMM:    35       35      O        7.2002   21.5324   47.7003
  QMMM:    36       36      C        8.4046   21.8011   47.0612
  QMMM:    37       37      C        8.9447   23.0892   47.2470
  QMMM:    38       38      C       10.1678   23.3923   46.6382
  QMMM:    39       39      C       10.8361   22.4490   45.8622
  QMMM:    40       40      C       10.2902   21.1779   45.6845
  QMMM:    41       41      C        9.0777   20.8496   46.2809
  QMMM:    42       42      Br       8.1101   24.4186   48.2701

           --------- Calculation Completed ----------

